{
  "stats": {
    "suites": 1,
    "tests": 2,
    "passes": 2,
    "pending": 0,
    "failures": 0,
    "start": "2020-06-22T02:50:51.037Z",
    "end": "2020-06-22T02:50:52.349Z",
    "duration": 1312,
    "testsRegistered": 2,
    "passPercent": 100,
    "pendingPercent": 0,
    "other": 0,
    "hasOther": false,
    "skipped": 0,
    "hasSkipped": false
  },
  "results": [
    {
      "uuid": "b082c83f-4451-425a-ae21-fea726336dec",
      "title": "",
      "fullFile": "",
      "file": "",
      "beforeHooks": [],
      "afterHooks": [],
      "tests": [],
      "suites": [
        {
          "uuid": "d782fd45-2f28-45d5-b9b3-27c5693c53a5",
          "title": "Momenton API Test",
          "fullFile": "D:\\Codes\\Repos\\momenton\\api\\test\\apiTest.js",
          "file": "\\test\\apiTest.js",
          "beforeHooks": [],
          "afterHooks": [],
          "tests": [
            {
              "title": "GET Countries Test",
              "fullTitle": "Momenton API Test GET Countries Test",
              "timedOut": false,
              "duration": 700,
              "state": "passed",
              "speed": "slow",
              "pass": true,
              "fail": false,
              "pending": false,
              "context": null,
              "code": "let countries = await superagent.get(\"https://api.openaq.org/v1/countries\");\nvalidateMeta(countries.body);\nlet noCountryNamesList = [];\ncountries.body.results.forEach((result) => {\n    // console.log(\"result\", JSON.stringify(result));\n    expect(result.code).to.be.string();\n    expect(result.count).to.be.number();\n    expect(result.locations).to.be.number();\n    expect(result.cities).to.be.number();\n    if (result.name) {\n        expect(result.name).to.be.string();\n    } else {\n        noCountryNamesList.push(result);\n    }\n});\n// console.log(\"noCountryNamesList\", JSON.stringify(noCountryNamesList, null, 2));\nauCitiesCount = _.find(countries.body.results, { code: \"AU\" }).cities;\n// console.log(\"auCitiesCount\", auCitiesCount);",
              "err": {},
              "uuid": "2bd8f099-f716-41ca-bee3-de66b63a1694",
              "parentUUID": "d782fd45-2f28-45d5-b9b3-27c5693c53a5",
              "isHook": false,
              "skipped": false
            },
            {
              "title": "GET Cities Test",
              "fullTitle": "Momenton API Test GET Cities Test",
              "timedOut": false,
              "duration": 599,
              "state": "passed",
              "speed": "slow",
              "pass": true,
              "fail": false,
              "pending": false,
              "context": null,
              "code": "let cities = await superagent.get(\"https://api.openaq.org/v1/cities?country=AU\");\nvalidateMeta(cities.body);\nexpect(cities.body.meta.found).to.equal(auCitiesCount);\ncities.body.results.forEach((result) => {\n    // console.log(\"result\", JSON.stringify(result));\n    expect(result.country).to.equal(\"AU\");\n    expect(result.name).to.be.string();\n    expect(result.count).to.be.number();\n    expect(result.locations).to.be.number();\n});",
              "err": {},
              "uuid": "c83d4d78-6b42-4c7b-aa8c-3f72349a31f1",
              "parentUUID": "d782fd45-2f28-45d5-b9b3-27c5693c53a5",
              "isHook": false,
              "skipped": false
            }
          ],
          "suites": [],
          "passes": [
            "2bd8f099-f716-41ca-bee3-de66b63a1694",
            "c83d4d78-6b42-4c7b-aa8c-3f72349a31f1"
          ],
          "failures": [],
          "pending": [],
          "skipped": [],
          "duration": 1299,
          "root": false,
          "rootEmpty": false,
          "_timeout": 30000
        }
      ],
      "passes": [],
      "failures": [],
      "pending": [],
      "skipped": [],
      "duration": 0,
      "root": true,
      "rootEmpty": true,
      "_timeout": 30000
    }
  ],
  "meta": {
    "mocha": {
      "version": "8.0.1"
    },
    "mochawesome": {
      "options": {
        "quiet": false,
        "reportFilename": "mochawesome",
        "saveHtml": true,
        "saveJson": true,
        "consoleReporter": "spec",
        "useInlineDiffs": false,
        "code": true
      },
      "version": "6.1.1"
    },
    "marge": {
      "options": null,
      "version": "5.1.0"
    }
  }
}