{
  "stats": {
    "suites": 1,
    "tests": 5,
    "passes": 5,
    "pending": 0,
    "failures": 0,
    "start": "2020-06-22T09:27:31.395Z",
    "end": "2020-06-22T09:27:47.318Z",
    "duration": 15923,
    "testsRegistered": 5,
    "passPercent": 100,
    "pendingPercent": 0,
    "other": 0,
    "hasOther": false,
    "skipped": 0,
    "hasSkipped": false
  },
  "results": [
    {
      "uuid": "c9ac5cd3-16d0-454f-84ae-4707691b14cb",
      "title": "",
      "fullFile": "",
      "file": "",
      "beforeHooks": [],
      "afterHooks": [],
      "tests": [],
      "suites": [
        {
          "uuid": "3bf1f6f1-c882-4497-b16f-819e4c873e00",
          "title": "👀  Validating Product Compare Page",
          "fullFile": "D:\\Codes\\Repos\\momenton\\ui\\test\\uiTest.js",
          "file": "\\test\\uiTest.js",
          "beforeHooks": [
            {
              "title": "\"before all\" hook",
              "fullTitle": "👀  Validating Product Compare Page \"before all\" hook",
              "timedOut": false,
              "duration": 490,
              "state": null,
              "speed": null,
              "pass": false,
              "fail": false,
              "pending": false,
              "context": null,
              "code": "browser = await playwright[browserType].launch({ headless: false });\ncontext = await browser.newContext();\npage = await context.newPage();\nawait page.setViewportSize({\n    width: 1920,\n    height: 1080,\n});",
              "err": {},
              "uuid": "e4db073e-d437-49c2-9e7a-e03665a33c51",
              "parentUUID": "3bf1f6f1-c882-4497-b16f-819e4c873e00",
              "isHook": true,
              "skipped": false
            }
          ],
          "afterHooks": [
            {
              "title": "\"after all\" hook",
              "fullTitle": "👀  Validating Product Compare Page \"after all\" hook",
              "timedOut": false,
              "duration": 247,
              "state": null,
              "speed": null,
              "pass": false,
              "fail": false,
              "pending": false,
              "context": null,
              "code": "await browser.close();",
              "err": {},
              "uuid": "420d5e2a-a124-4fe6-84de-39a44a79a152",
              "parentUUID": "3bf1f6f1-c882-4497-b16f-819e4c873e00",
              "isHook": true,
              "skipped": false
            }
          ],
          "tests": [
            {
              "title": "😊  Should display shop homepage",
              "fullTitle": "👀  Validating Product Compare Page 😊  Should display shop homepage",
              "timedOut": false,
              "duration": 7158,
              "state": "passed",
              "speed": "slow",
              "pass": true,
              "fail": false,
              "pending": false,
              "context": null,
              "code": "await page.goto(amazonUrl, { waitUntil: \"networkidle0\" });\nawait page.waitForSelector(\".nav-cart-icon\");\nawait page.waitForFunction(imagesHaveLoaded, { timeout: 10000 });\nlet filename = \"01_homePage.png\";\nawait page.screenshot({\n    path: `${actualScreenShotPath}/${filename}`,\n});",
              "err": {},
              "uuid": "a802c17f-d85c-4aeb-92d0-58c62d691552",
              "parentUUID": "3bf1f6f1-c882-4497-b16f-819e4c873e00",
              "isHook": false,
              "skipped": false
            },
            {
              "title": "😊  Should be able to search product",
              "fullTitle": "👀  Validating Product Compare Page 😊  Should be able to search product",
              "timedOut": false,
              "duration": 2199,
              "state": "passed",
              "speed": "slow",
              "pass": true,
              "fail": false,
              "pending": false,
              "context": null,
              "code": "await page.fill(\"#twotabsearchtextbox\", \"amazon echo dot\");\nawait page.click(\"input[type='submit']\");\nawait page.waitForSelector(\"span[cel_widget_id='MAIN-SEARCH_RESULTS']\");\nawait page.waitForFunction(imagesHaveLoaded, { timeout: 10000 });\nlet filename = \"02_searchProduct.png\";\nawait page.screenshot({\n    path: `${actualScreenShotPath}/${filename}`,\n});",
              "err": {},
              "uuid": "f54b0499-2375-4bd0-afb4-6403aa3723ef",
              "parentUUID": "3bf1f6f1-c882-4497-b16f-819e4c873e00",
              "isHook": false,
              "skipped": false
            },
            {
              "title": "😊  Should be able to display product page",
              "fullTitle": "👀  Validating Product Compare Page 😊  Should be able to display product page",
              "timedOut": false,
              "duration": 2122,
              "state": "passed",
              "speed": "slow",
              "pass": true,
              "fail": false,
              "pending": false,
              "context": null,
              "code": "await page.click(\"span[cel_widget_id='MAIN-SEARCH_RESULTS']\");\nawait page.waitForSelector(\"#add-to-cart-button\");\nawait page.waitForSelector(\"#productTitle\");\nawait page.waitForFunction(imagesHaveLoaded, { timeout: 10000 });\nlet filename = \"03_productPage.png\";\nawait page.screenshot({\n    path: `${actualScreenShotPath}/${filename}`,\n});",
              "err": {},
              "uuid": "fcdd4d1d-c2c7-4865-9c6a-5c60cb09ad7c",
              "parentUUID": "3bf1f6f1-c882-4497-b16f-819e4c873e00",
              "isHook": false,
              "skipped": false
            },
            {
              "title": "😊  Should be able to add product to cart",
              "fullTitle": "👀  Validating Product Compare Page 😊  Should be able to add product to cart",
              "timedOut": false,
              "duration": 2331,
              "state": "passed",
              "speed": "slow",
              "pass": true,
              "fail": false,
              "pending": false,
              "context": null,
              "code": "await page.click(\"#add-to-cart-button\");\nawait page.waitForSelector(\"#huc-v2-order-row-confirm-text\");\nawait page.waitForFunction(imagesHaveLoaded, { timeout: 10000 });\nlet filename = \"04_productAddedToCart.png\";\nawait page.screenshot({\n    path: `${actualScreenShotPath}/${filename}`,\n});",
              "err": {},
              "uuid": "e3cd9724-461d-44a2-b92d-2529d0fb4cbe",
              "parentUUID": "3bf1f6f1-c882-4497-b16f-819e4c873e00",
              "isHook": false,
              "skipped": false
            },
            {
              "title": "😊  Should be able to checkout",
              "fullTitle": "👀  Validating Product Compare Page 😊  Should be able to checkout",
              "timedOut": false,
              "duration": 1353,
              "state": "passed",
              "speed": "slow",
              "pass": true,
              "fail": false,
              "pending": false,
              "context": null,
              "code": "await page.click(\".hlb-checkout-button\");\nawait page.waitForSelector(\"#ap_email\");\nawait page.click(\"input[type='email']\");\nawait page.waitForFunction(imagesHaveLoaded, { timeout: 10000 });\nlet filename = \"05_checkout.png\";\nawait page.screenshot({\n    path: `${actualScreenShotPath}/${filename}`,\n});\nlet imageCompare = await comparePngs(\n    `${actualScreenShotPath}/${filename}`,\n    `${baselineScreenShotPath}/${filename}`,\n    `${diffScreenShotPath}/${filename}`\n);\nconsole.log(\"imageCompare\", imageCompare);\nexpect(imageCompare.status).to.equal(\"passed\");",
              "err": {},
              "uuid": "c12c7cf1-f281-4dc1-9d14-211e0084c72a",
              "parentUUID": "3bf1f6f1-c882-4497-b16f-819e4c873e00",
              "isHook": false,
              "skipped": false
            }
          ],
          "suites": [],
          "passes": [
            "a802c17f-d85c-4aeb-92d0-58c62d691552",
            "f54b0499-2375-4bd0-afb4-6403aa3723ef",
            "fcdd4d1d-c2c7-4865-9c6a-5c60cb09ad7c",
            "e3cd9724-461d-44a2-b92d-2529d0fb4cbe",
            "c12c7cf1-f281-4dc1-9d14-211e0084c72a"
          ],
          "failures": [],
          "pending": [],
          "skipped": [],
          "duration": 15163,
          "root": false,
          "rootEmpty": false,
          "_timeout": 30000
        }
      ],
      "passes": [],
      "failures": [],
      "pending": [],
      "skipped": [],
      "duration": 0,
      "root": true,
      "rootEmpty": true,
      "_timeout": 30000
    }
  ],
  "meta": {
    "mocha": {
      "version": "7.2.0"
    },
    "mochawesome": {
      "options": {
        "quiet": false,
        "reportFilename": "mochawesome",
        "saveHtml": true,
        "saveJson": true,
        "consoleReporter": "spec",
        "useInlineDiffs": false,
        "code": true
      },
      "version": "5.0.0"
    },
    "marge": {
      "options": null,
      "version": "4.1.0"
    }
  }
}